{"name": "# C5472 Add New User", "status": "broken", "statusDetails": {"message": "selenium.common.exceptions.ElementClickInterceptedException: Message: element click intercepted: Element is not clickable at point (-125, 361)\n  (Session info: headless chrome=85.0.4183.121)\n\n", "trace": "  File \"c:\\users\\rapid\\appdata\\local\\programs\\python\\python38-32\\lib\\site-packages\\behave\\model.py\", line 1329, in run\n    match.run(runner.context)\n  File \"c:\\users\\rapid\\appdata\\local\\programs\\python\\python38-32\\lib\\site-packages\\behave\\matchers.py\", line 98, in run\n    self.func(context, *args, **kwargs)\n  File \"features\\steps\\C5472_Add_new_user.py\", line 22, in clck_usrs_btn\n    context.app.main_page.clck_usrs_btn()\n  File \"C:\\Everything\\IT\\Testing\\Automation_08_09_2019\\UIautomation_python\\pages\\main_page.py\", line 114, in clck_usrs_btn\n    wait.until(EC.element_to_be_clickable(USERS)).click()\n  File \"c:\\users\\rapid\\appdata\\local\\programs\\python\\python38-32\\lib\\site-packages\\selenium\\webdriver\\remote\\webelement.py\", line 80, in click\n    self._execute(Command.CLICK_ELEMENT)\n  File \"c:\\users\\rapid\\appdata\\local\\programs\\python\\python38-32\\lib\\site-packages\\selenium\\webdriver\\remote\\webelement.py\", line 633, in _execute\n    return self._parent.execute(command, params)\n  File \"c:\\users\\rapid\\appdata\\local\\programs\\python\\python38-32\\lib\\site-packages\\selenium\\webdriver\\remote\\webdriver.py\", line 321, in execute\n    self.error_handler.check_response(response)\n  File \"c:\\users\\rapid\\appdata\\local\\programs\\python\\python38-32\\lib\\site-packages\\selenium\\webdriver\\remote\\errorhandler.py\", line 242, in check_response\n    raise exception_class(message, screen, stacktrace)\n"}, "steps": [{"name": "Given Loginpage", "status": "passed", "start": 1601606839823, "stop": 1601606845169}, {"name": "Then Login with the given credentials", "status": "passed", "start": 1601606845169, "stop": 1601606850173}, {"name": "Then Click on the Users button", "status": "broken", "statusDetails": {"message": "selenium.common.exceptions.ElementClickInterceptedException: Message: element click intercepted: Element is not clickable at point (-125, 361)\n  (Session info: headless chrome=85.0.4183.121)\n\n", "trace": "  File \"c:\\users\\rapid\\appdata\\local\\programs\\python\\python38-32\\lib\\site-packages\\behave\\model.py\", line 1329, in run\n    match.run(runner.context)\n  File \"c:\\users\\rapid\\appdata\\local\\programs\\python\\python38-32\\lib\\site-packages\\behave\\matchers.py\", line 98, in run\n    self.func(context, *args, **kwargs)\n  File \"features\\steps\\C5472_Add_new_user.py\", line 22, in clck_usrs_btn\n    context.app.main_page.clck_usrs_btn()\n  File \"C:\\Everything\\IT\\Testing\\Automation_08_09_2019\\UIautomation_python\\pages\\main_page.py\", line 114, in clck_usrs_btn\n    wait.until(EC.element_to_be_clickable(USERS)).click()\n  File \"c:\\users\\rapid\\appdata\\local\\programs\\python\\python38-32\\lib\\site-packages\\selenium\\webdriver\\remote\\webelement.py\", line 80, in click\n    self._execute(Command.CLICK_ELEMENT)\n  File \"c:\\users\\rapid\\appdata\\local\\programs\\python\\python38-32\\lib\\site-packages\\selenium\\webdriver\\remote\\webelement.py\", line 633, in _execute\n    return self._parent.execute(command, params)\n  File \"c:\\users\\rapid\\appdata\\local\\programs\\python\\python38-32\\lib\\site-packages\\selenium\\webdriver\\remote\\webdriver.py\", line 321, in execute\n    self.error_handler.check_response(response)\n  File \"c:\\users\\rapid\\appdata\\local\\programs\\python\\python38-32\\lib\\site-packages\\selenium\\webdriver\\remote\\errorhandler.py\", line 242, in check_response\n    raise exception_class(message, screen, stacktrace)\n"}, "start": 1601606850173, "stop": 1601606851260}, {"name": "Then Click on the Quick actions button", "status": "skipped", "start": 1601606853319, "stop": 1601606853319}, {"name": "Then Select Add in the drop-down menu", "status": "skipped", "start": 1601606853319, "stop": 1601606853319}, {"name": "Then Fill out the required fields", "status": "skipped", "start": 1601606853319, "stop": 1601606853319}, {"name": "And Click on the Add button", "status": "skipped", "start": 1601606853319, "stop": 1601606853319}, {"name": "Then Verify the words Verification Pending is here", "status": "skipped", "start": 1601606853319, "stop": 1601606853319}], "start": 1601606834606, "stop": 1601606853319, "uuid": "0712012b-de0d-4bb3-ade9-fc5e75fafd11", "historyId": "9e5459a23f71aa5ecb178366876d40a3", "labels": [{"name": "severity", "value": "normal"}, {"name": "feature", "value": "# C5472 Add New User"}, {"name": "framework", "value": "behave"}, {"name": "language", "value": "cpython3"}]}