{"name": "# C5162 Signal Strength section", "status": "broken", "statusDetails": {"message": "selenium.common.exceptions.ElementClickInterceptedException: Message: element click intercepted: Element <a _ngcontent-mmh-c5=\"\" ng-reflect-router-link=\"/\" href=\"/\" class=\"ng-star-inserted\">...</a> is not clickable at point (122, 254). Other element would receive the click: <div class=\"swal2-container swal2-center swal2-fade swal2-shown\" style=\"overflow-y: hidden;\">...</div>\n  (Session info: chrome=87.0.4280.66)\n\n", "trace": "  File \"c:\\users\\rapid\\appdata\\local\\programs\\python\\python39\\lib\\site-packages\\behave\\model.py\", line 1329, in run\n    match.run(runner.context)\n  File \"c:\\users\\rapid\\appdata\\local\\programs\\python\\python39\\lib\\site-packages\\behave\\matchers.py\", line 98, in run\n    self.func(context, *args, **kwargs)\n  File \"features\\steps\\C5159_Data_Usage_details_section.py\", line 8, in clck_on_dsch_brd_mn_icn\n    context.app.main_page.clck_on_dsch_brd_mn_icn(dsbrd_txt)\n  File \"C:\\Everything\\IT\\Testing\\Automation_08_09_2019\\UIautomation_python\\pages\\main_page.py\", line 689, in clck_on_dsch_brd_mn_icn\n    wait.until(EC.visibility_of_element_located(DSCH_BRD_ICN)).click()\n  File \"c:\\users\\rapid\\appdata\\local\\programs\\python\\python39\\lib\\site-packages\\selenium\\webdriver\\remote\\webelement.py\", line 80, in click\n    self._execute(Command.CLICK_ELEMENT)\n  File \"c:\\users\\rapid\\appdata\\local\\programs\\python\\python39\\lib\\site-packages\\selenium\\webdriver\\remote\\webelement.py\", line 633, in _execute\n    return self._parent.execute(command, params)\n  File \"c:\\users\\rapid\\appdata\\local\\programs\\python\\python39\\lib\\site-packages\\selenium\\webdriver\\remote\\webdriver.py\", line 321, in execute\n    self.error_handler.check_response(response)\n  File \"c:\\users\\rapid\\appdata\\local\\programs\\python\\python39\\lib\\site-packages\\selenium\\webdriver\\remote\\errorhandler.py\", line 242, in check_response\n    raise exception_class(message, screen, stacktrace)\n"}, "steps": [{"name": "Given Loginpage", "status": "passed", "start": 1606886287849, "stop": 1606886293713}, {"name": "Then Login with the given credentials", "status": "passed", "start": 1606886293713, "stop": 1606886296602}, {"name": "Then Click Dashboard menu icon and make sure Dashboard page reloaded", "status": "broken", "statusDetails": {"message": "selenium.common.exceptions.ElementClickInterceptedException: Message: element click intercepted: Element <a _ngcontent-mmh-c5=\"\" ng-reflect-router-link=\"/\" href=\"/\" class=\"ng-star-inserted\">...</a> is not clickable at point (122, 254). Other element would receive the click: <div class=\"swal2-container swal2-center swal2-fade swal2-shown\" style=\"overflow-y: hidden;\">...</div>\n  (Session info: chrome=87.0.4280.66)\n\n", "trace": "  File \"c:\\users\\rapid\\appdata\\local\\programs\\python\\python39\\lib\\site-packages\\behave\\model.py\", line 1329, in run\n    match.run(runner.context)\n  File \"c:\\users\\rapid\\appdata\\local\\programs\\python\\python39\\lib\\site-packages\\behave\\matchers.py\", line 98, in run\n    self.func(context, *args, **kwargs)\n  File \"features\\steps\\C5159_Data_Usage_details_section.py\", line 8, in clck_on_dsch_brd_mn_icn\n    context.app.main_page.clck_on_dsch_brd_mn_icn(dsbrd_txt)\n  File \"C:\\Everything\\IT\\Testing\\Automation_08_09_2019\\UIautomation_python\\pages\\main_page.py\", line 689, in clck_on_dsch_brd_mn_icn\n    wait.until(EC.visibility_of_element_located(DSCH_BRD_ICN)).click()\n  File \"c:\\users\\rapid\\appdata\\local\\programs\\python\\python39\\lib\\site-packages\\selenium\\webdriver\\remote\\webelement.py\", line 80, in click\n    self._execute(Command.CLICK_ELEMENT)\n  File \"c:\\users\\rapid\\appdata\\local\\programs\\python\\python39\\lib\\site-packages\\selenium\\webdriver\\remote\\webelement.py\", line 633, in _execute\n    return self._parent.execute(command, params)\n  File \"c:\\users\\rapid\\appdata\\local\\programs\\python\\python39\\lib\\site-packages\\selenium\\webdriver\\remote\\webdriver.py\", line 321, in execute\n    self.error_handler.check_response(response)\n  File \"c:\\users\\rapid\\appdata\\local\\programs\\python\\python39\\lib\\site-packages\\selenium\\webdriver\\remote\\errorhandler.py\", line 242, in check_response\n    raise exception_class(message, screen, stacktrace)\n"}, "start": 1606886296602, "stop": 1606886297753}, {"name": "And Make sure Signal Strength is on the screen", "status": "skipped", "start": 1606886299834, "stop": 1606886299834}, {"name": "Then Mouse hover question mark in top right of the Signal Strength block and make sure tooltip appears", "status": "skipped", "start": 1606886299834, "stop": 1606886299834}, {"name": "Then The inscription No Data Available is in the center of Signal Strength block", "status": "skipped", "start": 1606886299834, "stop": 1606886299834}], "start": 1606886282687, "stop": 1606886299834, "uuid": "1f9dedae-465b-47d9-a585-57783278915d", "historyId": "5eaa07d92f5cb375ab7fe2d916367e55", "fullName": "features/tests/Dashboard/C5162_Signal_Strength_section.feature:# C5162 Signal Strength section", "labels": [{"name": "severity", "value": "normal"}, {"name": "feature", "value": "# C5162 Signal Strength section"}, {"name": "framework", "value": "behave"}, {"name": "language", "value": "cpython3"}]}