{"name": "# C5161 Groups section", "status": "broken", "statusDetails": {"message": "selenium.common.exceptions.ElementClickInterceptedException: Message: element click intercepted: Element <a _ngcontent-pit-c5=\"\" ng-reflect-router-link=\"/\" href=\"/\" class=\"ng-star-inserted\">...</a> is not clickable at point (122, 236). Other element would receive the click: <div class=\"swal2-container swal2-center swal2-fade swal2-shown\" style=\"overflow-y: hidden;\">...</div>\n  (Session info: chrome=87.0.4280.66)\n\n", "trace": "  File \"c:\\users\\rapid\\appdata\\local\\programs\\python\\python39\\lib\\site-packages\\behave\\model.py\", line 1329, in run\n    match.run(runner.context)\n  File \"c:\\users\\rapid\\appdata\\local\\programs\\python\\python39\\lib\\site-packages\\behave\\matchers.py\", line 98, in run\n    self.func(context, *args, **kwargs)\n  File \"features\\steps\\C5159_Data_Usage_details_section.py\", line 8, in clck_on_dsch_brd_mn_icn\n    context.app.main_page.clck_on_dsch_brd_mn_icn(dsbrd_txt)\n  File \"C:\\Everything\\IT\\Testing\\Automation_08_09_2019\\UIautomation_python\\pages\\main_page.py\", line 689, in clck_on_dsch_brd_mn_icn\n    wait.until(EC.visibility_of_element_located(DSCH_BRD_ICN)).click()\n  File \"c:\\users\\rapid\\appdata\\local\\programs\\python\\python39\\lib\\site-packages\\selenium\\webdriver\\remote\\webelement.py\", line 80, in click\n    self._execute(Command.CLICK_ELEMENT)\n  File \"c:\\users\\rapid\\appdata\\local\\programs\\python\\python39\\lib\\site-packages\\selenium\\webdriver\\remote\\webelement.py\", line 633, in _execute\n    return self._parent.execute(command, params)\n  File \"c:\\users\\rapid\\appdata\\local\\programs\\python\\python39\\lib\\site-packages\\selenium\\webdriver\\remote\\webdriver.py\", line 321, in execute\n    self.error_handler.check_response(response)\n  File \"c:\\users\\rapid\\appdata\\local\\programs\\python\\python39\\lib\\site-packages\\selenium\\webdriver\\remote\\errorhandler.py\", line 242, in check_response\n    raise exception_class(message, screen, stacktrace)\n"}, "steps": [{"name": "Given Loginpage", "status": "passed", "start": 1606886270320, "stop": 1606886276307}, {"name": "Then Login with the given credentials", "status": "passed", "start": 1606886276307, "stop": 1606886279495}, {"name": "Then Click Dashboard menu icon and make sure Dashboard page reloaded", "status": "broken", "statusDetails": {"message": "selenium.common.exceptions.ElementClickInterceptedException: Message: element click intercepted: Element <a _ngcontent-pit-c5=\"\" ng-reflect-router-link=\"/\" href=\"/\" class=\"ng-star-inserted\">...</a> is not clickable at point (122, 236). Other element would receive the click: <div class=\"swal2-container swal2-center swal2-fade swal2-shown\" style=\"overflow-y: hidden;\">...</div>\n  (Session info: chrome=87.0.4280.66)\n\n", "trace": "  File \"c:\\users\\rapid\\appdata\\local\\programs\\python\\python39\\lib\\site-packages\\behave\\model.py\", line 1329, in run\n    match.run(runner.context)\n  File \"c:\\users\\rapid\\appdata\\local\\programs\\python\\python39\\lib\\site-packages\\behave\\matchers.py\", line 98, in run\n    self.func(context, *args, **kwargs)\n  File \"features\\steps\\C5159_Data_Usage_details_section.py\", line 8, in clck_on_dsch_brd_mn_icn\n    context.app.main_page.clck_on_dsch_brd_mn_icn(dsbrd_txt)\n  File \"C:\\Everything\\IT\\Testing\\Automation_08_09_2019\\UIautomation_python\\pages\\main_page.py\", line 689, in clck_on_dsch_brd_mn_icn\n    wait.until(EC.visibility_of_element_located(DSCH_BRD_ICN)).click()\n  File \"c:\\users\\rapid\\appdata\\local\\programs\\python\\python39\\lib\\site-packages\\selenium\\webdriver\\remote\\webelement.py\", line 80, in click\n    self._execute(Command.CLICK_ELEMENT)\n  File \"c:\\users\\rapid\\appdata\\local\\programs\\python\\python39\\lib\\site-packages\\selenium\\webdriver\\remote\\webelement.py\", line 633, in _execute\n    return self._parent.execute(command, params)\n  File \"c:\\users\\rapid\\appdata\\local\\programs\\python\\python39\\lib\\site-packages\\selenium\\webdriver\\remote\\webdriver.py\", line 321, in execute\n    self.error_handler.check_response(response)\n  File \"c:\\users\\rapid\\appdata\\local\\programs\\python\\python39\\lib\\site-packages\\selenium\\webdriver\\remote\\errorhandler.py\", line 242, in check_response\n    raise exception_class(message, screen, stacktrace)\n"}, "start": 1606886279495, "stop": 1606886280606}, {"name": "And Make sure Groups block is on the screen", "status": "skipped", "start": 1606886282686, "stop": 1606886282686}, {"name": "Then Mouse hover question mark in top right of the Groups block and make sure tooltip appears", "status": "skipped", "start": 1606886282686, "stop": 1606886282686}, {"name": "And The inscription No Data Available is in the center of Groups block", "status": "skipped", "start": 1606886282686, "stop": 1606886282686}, {"name": "Then Make sure that click on Groups drop-down list is working", "status": "skipped", "start": 1606886282686, "stop": 1606886282686}, {"name": "Then Tooltip appears when mouse hover question mark in top right of the Groups block", "status": "skipped", "start": 1606886282686, "stop": 1606886282686}], "start": 1606886265155, "stop": 1606886282686, "uuid": "849b35eb-5999-4977-9d7c-bc79903493e4", "historyId": "a5863207e43677038fee7fb97c5f9b0c", "fullName": "features/tests/Dashboard/C5161_Groups_section.feature:# C5161 Groups section", "labels": [{"name": "severity", "value": "normal"}, {"name": "feature", "value": "# C5161 Groups section"}, {"name": "framework", "value": "behave"}, {"name": "language", "value": "cpython3"}]}