{"name": "# C5472 Add New User", "status": "broken", "statusDetails": {"message": "selenium.common.exceptions.ElementClickInterceptedException: Message: element click intercepted: Element is not clickable at point (-125, 361)\n  (Session info: headless chrome=86.0.4240.75)\n\n", "trace": "  File \"c:\\users\\rapid\\appdata\\local\\programs\\python\\python38-32\\lib\\site-packages\\behave\\model.py\", line 1329, in run\n    match.run(runner.context)\n  File \"c:\\users\\rapid\\appdata\\local\\programs\\python\\python38-32\\lib\\site-packages\\behave\\matchers.py\", line 98, in run\n    self.func(context, *args, **kwargs)\n  File \"features\\steps\\C5472_Add_new_user.py\", line 22, in clck_usrs_btn\n    context.app.main_page.clck_usrs_btn()\n  File \"C:\\Everything\\IT\\Testing\\Automation_08_09_2019\\UIautomation_python\\pages\\main_page.py\", line 168, in clck_usrs_btn\n    wait.until(EC.element_to_be_clickable(USERS)).click()\n  File \"c:\\users\\rapid\\appdata\\local\\programs\\python\\python38-32\\lib\\site-packages\\selenium\\webdriver\\remote\\webelement.py\", line 80, in click\n    self._execute(Command.CLICK_ELEMENT)\n  File \"c:\\users\\rapid\\appdata\\local\\programs\\python\\python38-32\\lib\\site-packages\\selenium\\webdriver\\remote\\webelement.py\", line 633, in _execute\n    return self._parent.execute(command, params)\n  File \"c:\\users\\rapid\\appdata\\local\\programs\\python\\python38-32\\lib\\site-packages\\selenium\\webdriver\\remote\\webdriver.py\", line 321, in execute\n    self.error_handler.check_response(response)\n  File \"c:\\users\\rapid\\appdata\\local\\programs\\python\\python38-32\\lib\\site-packages\\selenium\\webdriver\\remote\\errorhandler.py\", line 242, in check_response\n    raise exception_class(message, screen, stacktrace)\n"}, "steps": [{"name": "Given Loginpage", "status": "passed", "start": 1603151780537, "stop": 1603151783990}, {"name": "Then Login with the given credentials", "status": "passed", "start": 1603151783991, "stop": 1603151787231}, {"name": "Then Click on the Users button", "status": "broken", "statusDetails": {"message": "selenium.common.exceptions.ElementClickInterceptedException: Message: element click intercepted: Element is not clickable at point (-125, 361)\n  (Session info: headless chrome=86.0.4240.75)\n\n", "trace": "  File \"c:\\users\\rapid\\appdata\\local\\programs\\python\\python38-32\\lib\\site-packages\\behave\\model.py\", line 1329, in run\n    match.run(runner.context)\n  File \"c:\\users\\rapid\\appdata\\local\\programs\\python\\python38-32\\lib\\site-packages\\behave\\matchers.py\", line 98, in run\n    self.func(context, *args, **kwargs)\n  File \"features\\steps\\C5472_Add_new_user.py\", line 22, in clck_usrs_btn\n    context.app.main_page.clck_usrs_btn()\n  File \"C:\\Everything\\IT\\Testing\\Automation_08_09_2019\\UIautomation_python\\pages\\main_page.py\", line 168, in clck_usrs_btn\n    wait.until(EC.element_to_be_clickable(USERS)).click()\n  File \"c:\\users\\rapid\\appdata\\local\\programs\\python\\python38-32\\lib\\site-packages\\selenium\\webdriver\\remote\\webelement.py\", line 80, in click\n    self._execute(Command.CLICK_ELEMENT)\n  File \"c:\\users\\rapid\\appdata\\local\\programs\\python\\python38-32\\lib\\site-packages\\selenium\\webdriver\\remote\\webelement.py\", line 633, in _execute\n    return self._parent.execute(command, params)\n  File \"c:\\users\\rapid\\appdata\\local\\programs\\python\\python38-32\\lib\\site-packages\\selenium\\webdriver\\remote\\webdriver.py\", line 321, in execute\n    self.error_handler.check_response(response)\n  File \"c:\\users\\rapid\\appdata\\local\\programs\\python\\python38-32\\lib\\site-packages\\selenium\\webdriver\\remote\\errorhandler.py\", line 242, in check_response\n    raise exception_class(message, screen, stacktrace)\n"}, "start": 1603151787231, "stop": 1603151788403}, {"name": "Then Click on the Quick actions button", "status": "skipped", "start": 1603151790466, "stop": 1603151790466}, {"name": "Then Select Add in the drop-down menu", "status": "skipped", "start": 1603151790466, "stop": 1603151790466}, {"name": "Then Fill out the required fields", "status": "skipped", "start": 1603151790466, "stop": 1603151790466}, {"name": "And Click on the Add button", "status": "skipped", "start": 1603151790466, "stop": 1603151790467}, {"name": "Then Verify the words Verification Pending is here", "status": "skipped", "start": 1603151790467, "stop": 1603151790467}], "start": 1603151775366, "stop": 1603151790467, "uuid": "285e6ff6-2676-4c7f-a4ad-069035f1f84c", "historyId": "9e5459a23f71aa5ecb178366876d40a3", "labels": [{"name": "severity", "value": "normal"}, {"name": "feature", "value": "# C5472 Add New User"}, {"name": "framework", "value": "behave"}, {"name": "language", "value": "cpython3"}]}