{"name": "# Add New User", "status": "broken", "statusDetails": {"message": "selenium.common.exceptions.ElementClickInterceptedException: Message: element click intercepted: Element <button _ngcontent-don-c6=\"\" class=\"btn btn-default btn-sm dropdown-toggle dropdown-toggle\" aria-haspopup=\"true\" id=\"more\" ngbdropdowntoggle=\"\" type=\"button\" aria-expanded=\"false\">...</button> is not clickable at point (546, 549). Other element would receive the click: <div _ngcontent-don-c2=\"\" class=\"col-md-6 d-flex justify-content-center justify-content-md-start\">...</div>\n  (Session info: chrome=85.0.4183.102)\n\n", "trace": "  File \"c:\\users\\rapid\\appdata\\local\\programs\\python\\python38-32\\lib\\site-packages\\behave\\model.py\", line 1329, in run\n    match.run(runner.context)\n  File \"c:\\users\\rapid\\appdata\\local\\programs\\python\\python38-32\\lib\\site-packages\\behave\\matchers.py\", line 98, in run\n    self.func(context, *args, **kwargs)\n  File \"features\\steps\\C5472_Add_new_user.py\", line 29, in clck_qck_actns_btn\n    context.app.main_page.clck_qck_actns_btn()\n  File \"C:\\Everything\\IT\\Testing\\Automation_08_09_2019\\UIautomation_python\\pages\\main_page.py\", line 61, in clck_qck_actns_btn\n    wait.until(EC.element_to_be_clickable(QUICK_ACTIONS)).click()\n  File \"c:\\users\\rapid\\appdata\\local\\programs\\python\\python38-32\\lib\\site-packages\\selenium\\webdriver\\remote\\webelement.py\", line 80, in click\n    self._execute(Command.CLICK_ELEMENT)\n  File \"c:\\users\\rapid\\appdata\\local\\programs\\python\\python38-32\\lib\\site-packages\\selenium\\webdriver\\remote\\webelement.py\", line 633, in _execute\n    return self._parent.execute(command, params)\n  File \"c:\\users\\rapid\\appdata\\local\\programs\\python\\python38-32\\lib\\site-packages\\selenium\\webdriver\\remote\\webdriver.py\", line 321, in execute\n    self.error_handler.check_response(response)\n  File \"c:\\users\\rapid\\appdata\\local\\programs\\python\\python38-32\\lib\\site-packages\\selenium\\webdriver\\remote\\errorhandler.py\", line 242, in check_response\n    raise exception_class(message, screen, stacktrace)\n"}, "steps": [{"name": "Given Loginpage", "status": "passed", "start": 1599869943504, "stop": 1599869946235}, {"name": "Then Login with the given credentials", "status": "passed", "start": 1599869946235, "stop": 1599869947063}, {"name": "Then Click on the Users button", "status": "passed", "start": 1599869947064, "stop": 1599869948116}, {"name": "Then Click on the Quick actions button", "status": "broken", "statusDetails": {"message": "selenium.common.exceptions.ElementClickInterceptedException: Message: element click intercepted: Element <button _ngcontent-don-c6=\"\" class=\"btn btn-default btn-sm dropdown-toggle dropdown-toggle\" aria-haspopup=\"true\" id=\"more\" ngbdropdowntoggle=\"\" type=\"button\" aria-expanded=\"false\">...</button> is not clickable at point (546, 549). Other element would receive the click: <div _ngcontent-don-c2=\"\" class=\"col-md-6 d-flex justify-content-center justify-content-md-start\">...</div>\n  (Session info: chrome=85.0.4183.102)\n\n", "trace": "  File \"c:\\users\\rapid\\appdata\\local\\programs\\python\\python38-32\\lib\\site-packages\\behave\\model.py\", line 1329, in run\n    match.run(runner.context)\n  File \"c:\\users\\rapid\\appdata\\local\\programs\\python\\python38-32\\lib\\site-packages\\behave\\matchers.py\", line 98, in run\n    self.func(context, *args, **kwargs)\n  File \"features\\steps\\C5472_Add_new_user.py\", line 29, in clck_qck_actns_btn\n    context.app.main_page.clck_qck_actns_btn()\n  File \"C:\\Everything\\IT\\Testing\\Automation_08_09_2019\\UIautomation_python\\pages\\main_page.py\", line 61, in clck_qck_actns_btn\n    wait.until(EC.element_to_be_clickable(QUICK_ACTIONS)).click()\n  File \"c:\\users\\rapid\\appdata\\local\\programs\\python\\python38-32\\lib\\site-packages\\selenium\\webdriver\\remote\\webelement.py\", line 80, in click\n    self._execute(Command.CLICK_ELEMENT)\n  File \"c:\\users\\rapid\\appdata\\local\\programs\\python\\python38-32\\lib\\site-packages\\selenium\\webdriver\\remote\\webelement.py\", line 633, in _execute\n    return self._parent.execute(command, params)\n  File \"c:\\users\\rapid\\appdata\\local\\programs\\python\\python38-32\\lib\\site-packages\\selenium\\webdriver\\remote\\webdriver.py\", line 321, in execute\n    self.error_handler.check_response(response)\n  File \"c:\\users\\rapid\\appdata\\local\\programs\\python\\python38-32\\lib\\site-packages\\selenium\\webdriver\\remote\\errorhandler.py\", line 242, in check_response\n    raise exception_class(message, screen, stacktrace)\n"}, "start": 1599869948117, "stop": 1599869949655}, {"name": "Then Select Add in the drop-down menu", "status": "skipped", "start": 1599869951777, "stop": 1599869951777}, {"name": "Then Fill out the required fields", "status": "skipped", "start": 1599869951777, "stop": 1599869951777}, {"name": "And Click on the Add button", "status": "skipped", "start": 1599869951777, "stop": 1599869951777}, {"name": "Then Verify the word Verification Pending is here", "status": "skipped", "start": 1599869951777, "stop": 1599869951777}], "start": 1599869938214, "stop": 1599869951777, "uuid": "40d7a749-ef25-4ecc-8c0c-faf068cf3dc7", "historyId": "5ebd76dc263ad2277f7fee84ef3bcb25", "labels": [{"name": "severity", "value": "normal"}, {"name": "feature", "value": "# Add New User"}, {"name": "framework", "value": "behave"}, {"name": "language", "value": "cpython3"}]}