{"name": "# C5472 Add New User", "status": "broken", "statusDetails": {"message": "selenium.common.exceptions.TimeoutException: Message: \n\n", "trace": "  File \"c:\\users\\rapid\\appdata\\local\\programs\\python\\python38-32\\lib\\site-packages\\behave\\model.py\", line 1329, in run\n    match.run(runner.context)\n  File \"c:\\users\\rapid\\appdata\\local\\programs\\python\\python38-32\\lib\\site-packages\\behave\\matchers.py\", line 98, in run\n    self.func(context, *args, **kwargs)\n  File \"features\\steps\\C5472_Add_new_user.py\", line 22, in clck_usrs_btn\n    context.app.main_page.clck_usrs_btn()\n  File \"C:\\Everything\\IT\\Testing\\Automation_08_09_2019\\UIautomation_python\\pages\\main_page.py\", line 85, in clck_usrs_btn\n    wait.until(EC.element_to_be_clickable(USERS)).click()\n  File \"c:\\users\\rapid\\appdata\\local\\programs\\python\\python38-32\\lib\\site-packages\\selenium\\webdriver\\support\\wait.py\", line 80, in until\n    raise TimeoutException(message, screen, stacktrace)\n"}, "steps": [{"name": "Given Loginpage", "status": "passed", "start": 1600648479494, "stop": 1600648482017}, {"name": "Then Login with the given credentials", "status": "passed", "start": 1600648482017, "stop": 1600648486882}, {"name": "Then Click on the Users button", "status": "broken", "statusDetails": {"message": "selenium.common.exceptions.TimeoutException: Message: \n\n", "trace": "  File \"c:\\users\\rapid\\appdata\\local\\programs\\python\\python38-32\\lib\\site-packages\\behave\\model.py\", line 1329, in run\n    match.run(runner.context)\n  File \"c:\\users\\rapid\\appdata\\local\\programs\\python\\python38-32\\lib\\site-packages\\behave\\matchers.py\", line 98, in run\n    self.func(context, *args, **kwargs)\n  File \"features\\steps\\C5472_Add_new_user.py\", line 22, in clck_usrs_btn\n    context.app.main_page.clck_usrs_btn()\n  File \"C:\\Everything\\IT\\Testing\\Automation_08_09_2019\\UIautomation_python\\pages\\main_page.py\", line 85, in clck_usrs_btn\n    wait.until(EC.element_to_be_clickable(USERS)).click()\n  File \"c:\\users\\rapid\\appdata\\local\\programs\\python\\python38-32\\lib\\site-packages\\selenium\\webdriver\\support\\wait.py\", line 80, in until\n    raise TimeoutException(message, screen, stacktrace)\n"}, "start": 1600648486883, "stop": 1600648500523}, {"name": "Then Click on the Quick actions button", "status": "skipped", "start": 1600648502662, "stop": 1600648502662}, {"name": "Then Select Add in the drop-down menu", "status": "skipped", "start": 1600648502662, "stop": 1600648502662}, {"name": "Then Fill out the required fields", "status": "skipped", "start": 1600648502662, "stop": 1600648502662}, {"name": "And Click on the Add button", "status": "skipped", "start": 1600648502662, "stop": 1600648502662}, {"name": "Then Verify the words Verification Pending is here", "status": "skipped", "start": 1600648502662, "stop": 1600648502662}], "start": 1600648474172, "stop": 1600648502662, "uuid": "2ab01d74-67cd-425e-a71e-e4843991c90c", "historyId": "9e5459a23f71aa5ecb178366876d40a3", "labels": [{"name": "severity", "value": "normal"}, {"name": "feature", "value": "# C5472 Add New User"}, {"name": "framework", "value": "behave"}, {"name": "language", "value": "cpython3"}]}