{"name": "C5150 Verify if the Device online card is working", "status": "broken", "statusDetails": {"message": "selenium.common.exceptions.ElementClickInterceptedException: Message: element click intercepted: Element <div _ngcontent-oft-c8=\"\" class=\"card overflowhidden number-chart d-flex flex-column\">...</div> is not clickable at point (363, 177). Other element would receive the click: <div class=\"swal2-container swal2-center swal2-fade swal2-shown\" style=\"overflow-y: hidden;\">...</div>\n  (Session info: chrome=87.0.4280.66)\n\n", "trace": "  File \"c:\\users\\rapid\\appdata\\local\\programs\\python\\python39\\lib\\site-packages\\behave\\model.py\", line 1329, in run\n    match.run(runner.context)\n  File \"c:\\users\\rapid\\appdata\\local\\programs\\python\\python39\\lib\\site-packages\\behave\\matchers.py\", line 98, in run\n    self.func(context, *args, **kwargs)\n  File \"features\\steps\\C5150_Verify_if_the_Device_online_card_is_working.py\", line 8, in clck_on_dvc_nln\n    context.app.main_page.clck_on_dvc_nln()\n  File \"C:\\Everything\\IT\\Testing\\Automation_08_09_2019\\UIautomation_python\\pages\\main_page.py\", line 515, in clck_on_dvc_nln\n    wait.until(EC.element_to_be_clickable(DVC_ONLN_TXT)).click()\n  File \"c:\\users\\rapid\\appdata\\local\\programs\\python\\python39\\lib\\site-packages\\selenium\\webdriver\\remote\\webelement.py\", line 80, in click\n    self._execute(Command.CLICK_ELEMENT)\n  File \"c:\\users\\rapid\\appdata\\local\\programs\\python\\python39\\lib\\site-packages\\selenium\\webdriver\\remote\\webelement.py\", line 633, in _execute\n    return self._parent.execute(command, params)\n  File \"c:\\users\\rapid\\appdata\\local\\programs\\python\\python39\\lib\\site-packages\\selenium\\webdriver\\remote\\webdriver.py\", line 321, in execute\n    self.error_handler.check_response(response)\n  File \"c:\\users\\rapid\\appdata\\local\\programs\\python\\python39\\lib\\site-packages\\selenium\\webdriver\\remote\\errorhandler.py\", line 242, in check_response\n    raise exception_class(message, screen, stacktrace)\n"}, "steps": [{"name": "Given Loginpage", "status": "passed", "start": 1606886094008, "stop": 1606886099560}, {"name": "Then Login with the given credentials", "status": "passed", "start": 1606886099560, "stop": 1606886102697}, {"name": "Then Click on DEVICE ONLINE card", "status": "broken", "statusDetails": {"message": "selenium.common.exceptions.ElementClickInterceptedException: Message: element click intercepted: Element <div _ngcontent-oft-c8=\"\" class=\"card overflowhidden number-chart d-flex flex-column\">...</div> is not clickable at point (363, 177). Other element would receive the click: <div class=\"swal2-container swal2-center swal2-fade swal2-shown\" style=\"overflow-y: hidden;\">...</div>\n  (Session info: chrome=87.0.4280.66)\n\n", "trace": "  File \"c:\\users\\rapid\\appdata\\local\\programs\\python\\python39\\lib\\site-packages\\behave\\model.py\", line 1329, in run\n    match.run(runner.context)\n  File \"c:\\users\\rapid\\appdata\\local\\programs\\python\\python39\\lib\\site-packages\\behave\\matchers.py\", line 98, in run\n    self.func(context, *args, **kwargs)\n  File \"features\\steps\\C5150_Verify_if_the_Device_online_card_is_working.py\", line 8, in clck_on_dvc_nln\n    context.app.main_page.clck_on_dvc_nln()\n  File \"C:\\Everything\\IT\\Testing\\Automation_08_09_2019\\UIautomation_python\\pages\\main_page.py\", line 515, in clck_on_dvc_nln\n    wait.until(EC.element_to_be_clickable(DVC_ONLN_TXT)).click()\n  File \"c:\\users\\rapid\\appdata\\local\\programs\\python\\python39\\lib\\site-packages\\selenium\\webdriver\\remote\\webelement.py\", line 80, in click\n    self._execute(Command.CLICK_ELEMENT)\n  File \"c:\\users\\rapid\\appdata\\local\\programs\\python\\python39\\lib\\site-packages\\selenium\\webdriver\\remote\\webelement.py\", line 633, in _execute\n    return self._parent.execute(command, params)\n  File \"c:\\users\\rapid\\appdata\\local\\programs\\python\\python39\\lib\\site-packages\\selenium\\webdriver\\remote\\webdriver.py\", line 321, in execute\n    self.error_handler.check_response(response)\n  File \"c:\\users\\rapid\\appdata\\local\\programs\\python\\python39\\lib\\site-packages\\selenium\\webdriver\\remote\\errorhandler.py\", line 242, in check_response\n    raise exception_class(message, screen, stacktrace)\n"}, "start": 1606886102697, "stop": 1606886103796}, {"name": "Then Words Device Management Portal are here on the page", "status": "skipped", "start": 1606886105896, "stop": 1606886105896}, {"name": "Then Word Online is here on the page", "status": "skipped", "start": 1606886105896, "stop": 1606886105896}], "start": 1606886088839, "stop": 1606886105896, "uuid": "c3a8c839-23b4-4a29-82fa-e0557f0a9b15", "historyId": "0cd1ebfc1db4ae5cf57003606f0143a1", "fullName": "features/tests/Dashboard/C5150_Verify_if_the_Device_online_card_is_working.feature:C5150 Verify if the Device online card is working", "labels": [{"name": "severity", "value": "normal"}, {"name": "feature", "value": "C5150 Verify if the Device online card is working"}, {"name": "framework", "value": "behave"}, {"name": "language", "value": "cpython3"}]}