{"name": "# C5194_Device_details", "status": "broken", "statusDetails": {"message": "selenium.common.exceptions.ElementClickInterceptedException: Message: element click intercepted: Element <span _ngcontent-yye-c8=\"\">...</span> is not clickable at point (1188, 77). Other element would receive the click: <div _ngcontent-yye-c8=\"\" class=\"spinner-outer ng-star-inserted\">...</div>\n  (Session info: chrome=86.0.4240.75)\n\n", "trace": "  File \"c:\\users\\rapid\\appdata\\local\\programs\\python\\python38-32\\lib\\site-packages\\behave\\model.py\", line 1329, in run\n    match.run(runner.context)\n  File \"c:\\users\\rapid\\appdata\\local\\programs\\python\\python38-32\\lib\\site-packages\\behave\\matchers.py\", line 98, in run\n    self.func(context, *args, **kwargs)\n  File \"features\\steps\\C5176_Add_a_new_device.py\", line 16, in clck_add_nw_dvc\n    context.app.main_page.clck_add_nw_dvc()\n  File \"C:\\Everything\\IT\\Testing\\Automation_08_09_2019\\UIautomation_python\\pages\\main_page.py\", line 1022, in clck_add_nw_dvc\n    wait.until(EC.element_to_be_clickable(ADD_NW_DVC_RGHT_CRNR)).click()\n  File \"c:\\users\\rapid\\appdata\\local\\programs\\python\\python38-32\\lib\\site-packages\\selenium\\webdriver\\remote\\webelement.py\", line 80, in click\n    self._execute(Command.CLICK_ELEMENT)\n  File \"c:\\users\\rapid\\appdata\\local\\programs\\python\\python38-32\\lib\\site-packages\\selenium\\webdriver\\remote\\webelement.py\", line 633, in _execute\n    return self._parent.execute(command, params)\n  File \"c:\\users\\rapid\\appdata\\local\\programs\\python\\python38-32\\lib\\site-packages\\selenium\\webdriver\\remote\\webdriver.py\", line 321, in execute\n    self.error_handler.check_response(response)\n  File \"c:\\users\\rapid\\appdata\\local\\programs\\python\\python38-32\\lib\\site-packages\\selenium\\webdriver\\remote\\errorhandler.py\", line 242, in check_response\n    raise exception_class(message, screen, stacktrace)\n"}, "steps": [{"name": "Given Loginpage", "status": "passed", "start": 1602903165831, "stop": 1602903168637}, {"name": "Then Login with the given credentials", "status": "passed", "start": 1602903168637, "stop": 1602903171448}, {"name": "And Go to the Devices page https://devcloud.connectedio.com/devices", "status": "passed", "start": 1602903171448, "stop": 1602903171626}, {"name": "Then Click Add new device button on the right up corner", "status": "broken", "statusDetails": {"message": "selenium.common.exceptions.ElementClickInterceptedException: Message: element click intercepted: Element <span _ngcontent-yye-c8=\"\">...</span> is not clickable at point (1188, 77). Other element would receive the click: <div _ngcontent-yye-c8=\"\" class=\"spinner-outer ng-star-inserted\">...</div>\n  (Session info: chrome=86.0.4240.75)\n\n", "trace": "  File \"c:\\users\\rapid\\appdata\\local\\programs\\python\\python38-32\\lib\\site-packages\\behave\\model.py\", line 1329, in run\n    match.run(runner.context)\n  File \"c:\\users\\rapid\\appdata\\local\\programs\\python\\python38-32\\lib\\site-packages\\behave\\matchers.py\", line 98, in run\n    self.func(context, *args, **kwargs)\n  File \"features\\steps\\C5176_Add_a_new_device.py\", line 16, in clck_add_nw_dvc\n    context.app.main_page.clck_add_nw_dvc()\n  File \"C:\\Everything\\IT\\Testing\\Automation_08_09_2019\\UIautomation_python\\pages\\main_page.py\", line 1022, in clck_add_nw_dvc\n    wait.until(EC.element_to_be_clickable(ADD_NW_DVC_RGHT_CRNR)).click()\n  File \"c:\\users\\rapid\\appdata\\local\\programs\\python\\python38-32\\lib\\site-packages\\selenium\\webdriver\\remote\\webelement.py\", line 80, in click\n    self._execute(Command.CLICK_ELEMENT)\n  File \"c:\\users\\rapid\\appdata\\local\\programs\\python\\python38-32\\lib\\site-packages\\selenium\\webdriver\\remote\\webelement.py\", line 633, in _execute\n    return self._parent.execute(command, params)\n  File \"c:\\users\\rapid\\appdata\\local\\programs\\python\\python38-32\\lib\\site-packages\\selenium\\webdriver\\remote\\webdriver.py\", line 321, in execute\n    self.error_handler.check_response(response)\n  File \"c:\\users\\rapid\\appdata\\local\\programs\\python\\python38-32\\lib\\site-packages\\selenium\\webdriver\\remote\\errorhandler.py\", line 242, in check_response\n    raise exception_class(message, screen, stacktrace)\n"}, "start": 1602903171626, "stop": 1602903172766}, {"name": "Then Fill required Device IMEI field 356961071557824", "status": "skipped", "start": 1602903174892, "stop": 1602903174892}, {"name": "And Fill Device Name field if any TVM Test123 jjnkjn", "status": "skipped", "start": 1602903174892, "stop": 1602903174892}, {"name": "Then Fill required Serial Number field 1806208A0279", "status": "skipped", "start": 1602903174892, "stop": 1602903174892}, {"name": "And Click Save and refresh the page", "status": "skipped", "start": 1602903174892, "stop": 1602903174892}, {"name": "Then Success is here - device is on the page", "status": "skipped", "start": 1602903174892, "stop": 1602903174892}, {"name": "Then IMEI 356961071557824 is here", "status": "skipped", "start": 1602903174892, "stop": 1602903174892}, {"name": "Then Model ER2000T-NA-CAT1 is here", "status": "skipped", "start": 1602903174892, "stop": 1602903174892}, {"name": "And Firmware version VR2 4.0 is here", "status": "skipped", "start": 1602903174892, "stop": 1602903174892}, {"name": "And Modem firmware 20.00.524 is here", "status": "skipped", "start": 1602903174893, "stop": 1602903174893}, {"name": "Then Words Last heard is here", "status": "skipped", "start": 1602903174893, "stop": 1602903174893}, {"name": "And Section Uptime is here", "status": "skipped", "start": 1602903174893, "stop": 1602903174893}], "start": 1602903160535, "stop": 1602903174893, "uuid": "9606087a-685d-4672-8c10-cd049d049b4f", "historyId": "193306c614de89986b4d5b7726bca802", "labels": [{"name": "severity", "value": "normal"}, {"name": "feature", "value": "# C5194_Device_details"}, {"name": "framework", "value": "behave"}, {"name": "language", "value": "cpython3"}]}