{"name": "# C5472 Add New User", "status": "broken", "statusDetails": {"message": "selenium.common.exceptions.ElementClickInterceptedException: Message: element click intercepted: Element <a _ngcontent-ahx-c5=\"\" ng-reflect-router-link=\"/users\" href=\"/users\" class=\"ng-star-inserted\">...</a> is not clickable at point (28, 265). Other element would receive the click: <div class=\"swal2-container swal2-center swal2-fade swal2-shown\" style=\"overflow-y: hidden;\">...</div>\n  (Session info: chrome=85.0.4183.121)\n\n", "trace": "  File \"c:\\users\\rapid\\appdata\\local\\programs\\python\\python38-32\\lib\\site-packages\\behave\\model.py\", line 1329, in run\n    match.run(runner.context)\n  File \"c:\\users\\rapid\\appdata\\local\\programs\\python\\python38-32\\lib\\site-packages\\behave\\matchers.py\", line 98, in run\n    self.func(context, *args, **kwargs)\n  File \"features\\steps\\C5472_Add_new_user.py\", line 22, in clck_usrs_btn\n    context.app.main_page.clck_usrs_btn()\n  File \"C:\\Everything\\IT\\Testing\\Automation_08_09_2019\\UIautomation_python\\pages\\main_page.py\", line 97, in clck_usrs_btn\n    wait.until(EC.element_to_be_clickable(USERS)).click()\n  File \"c:\\users\\rapid\\appdata\\local\\programs\\python\\python38-32\\lib\\site-packages\\selenium\\webdriver\\remote\\webelement.py\", line 80, in click\n    self._execute(Command.CLICK_ELEMENT)\n  File \"c:\\users\\rapid\\appdata\\local\\programs\\python\\python38-32\\lib\\site-packages\\selenium\\webdriver\\remote\\webelement.py\", line 633, in _execute\n    return self._parent.execute(command, params)\n  File \"c:\\users\\rapid\\appdata\\local\\programs\\python\\python38-32\\lib\\site-packages\\selenium\\webdriver\\remote\\webdriver.py\", line 321, in execute\n    self.error_handler.check_response(response)\n  File \"c:\\users\\rapid\\appdata\\local\\programs\\python\\python38-32\\lib\\site-packages\\selenium\\webdriver\\remote\\errorhandler.py\", line 242, in check_response\n    raise exception_class(message, screen, stacktrace)\n"}, "steps": [{"name": "Given Loginpage", "status": "passed", "start": 1601149197199, "stop": 1601149200044}, {"name": "Then Login with the given credentials", "status": "passed", "start": 1601149200045, "stop": 1601149204853}, {"name": "Then Click on the Users button", "status": "broken", "statusDetails": {"message": "selenium.common.exceptions.ElementClickInterceptedException: Message: element click intercepted: Element <a _ngcontent-ahx-c5=\"\" ng-reflect-router-link=\"/users\" href=\"/users\" class=\"ng-star-inserted\">...</a> is not clickable at point (28, 265). Other element would receive the click: <div class=\"swal2-container swal2-center swal2-fade swal2-shown\" style=\"overflow-y: hidden;\">...</div>\n  (Session info: chrome=85.0.4183.121)\n\n", "trace": "  File \"c:\\users\\rapid\\appdata\\local\\programs\\python\\python38-32\\lib\\site-packages\\behave\\model.py\", line 1329, in run\n    match.run(runner.context)\n  File \"c:\\users\\rapid\\appdata\\local\\programs\\python\\python38-32\\lib\\site-packages\\behave\\matchers.py\", line 98, in run\n    self.func(context, *args, **kwargs)\n  File \"features\\steps\\C5472_Add_new_user.py\", line 22, in clck_usrs_btn\n    context.app.main_page.clck_usrs_btn()\n  File \"C:\\Everything\\IT\\Testing\\Automation_08_09_2019\\UIautomation_python\\pages\\main_page.py\", line 97, in clck_usrs_btn\n    wait.until(EC.element_to_be_clickable(USERS)).click()\n  File \"c:\\users\\rapid\\appdata\\local\\programs\\python\\python38-32\\lib\\site-packages\\selenium\\webdriver\\remote\\webelement.py\", line 80, in click\n    self._execute(Command.CLICK_ELEMENT)\n  File \"c:\\users\\rapid\\appdata\\local\\programs\\python\\python38-32\\lib\\site-packages\\selenium\\webdriver\\remote\\webelement.py\", line 633, in _execute\n    return self._parent.execute(command, params)\n  File \"c:\\users\\rapid\\appdata\\local\\programs\\python\\python38-32\\lib\\site-packages\\selenium\\webdriver\\remote\\webdriver.py\", line 321, in execute\n    self.error_handler.check_response(response)\n  File \"c:\\users\\rapid\\appdata\\local\\programs\\python\\python38-32\\lib\\site-packages\\selenium\\webdriver\\remote\\errorhandler.py\", line 242, in check_response\n    raise exception_class(message, screen, stacktrace)\n"}, "start": 1601149204853, "stop": 1601149205955}, {"name": "Then Click on the Quick actions button", "status": "skipped", "start": 1601149208046, "stop": 1601149208046}, {"name": "Then Select Add in the drop-down menu", "status": "skipped", "start": 1601149208046, "stop": 1601149208046}, {"name": "Then Fill out the required fields", "status": "skipped", "start": 1601149208046, "stop": 1601149208046}, {"name": "And Click on the Add button", "status": "skipped", "start": 1601149208046, "stop": 1601149208046}, {"name": "Then Verify the words Verification Pending is here", "status": "skipped", "start": 1601149208046, "stop": 1601149208046}], "start": 1601149191836, "stop": 1601149208046, "uuid": "c698b033-ab76-4043-b683-5a6dde00fdfd", "historyId": "9e5459a23f71aa5ecb178366876d40a3", "labels": [{"name": "severity", "value": "normal"}, {"name": "feature", "value": "# C5472 Add New User"}, {"name": "framework", "value": "behave"}, {"name": "language", "value": "cpython3"}]}