{"name": "# C5472 Add New User", "status": "broken", "statusDetails": {"message": "selenium.common.exceptions.TimeoutException: Message: \n\n", "trace": "  File \"c:\\users\\rapid\\appdata\\local\\programs\\python\\python38-32\\lib\\site-packages\\behave\\model.py\", line 1329, in run\n    match.run(runner.context)\n  File \"c:\\users\\rapid\\appdata\\local\\programs\\python\\python38-32\\lib\\site-packages\\behave\\matchers.py\", line 98, in run\n    self.func(context, *args, **kwargs)\n  File \"features\\steps\\C5472_Add_new_user.py\", line 29, in clck_qck_actns_btn\n    context.app.main_page.clck_qck_actns_btn()\n  File \"C:\\Everything\\IT\\Testing\\Automation_08_09_2019\\UIautomation_python\\pages\\main_page.py\", line 62, in clck_qck_actns_btn\n    wait.until(EC.element_to_be_clickable(QUICK_ACTIONS)).click()\n  File \"c:\\users\\rapid\\appdata\\local\\programs\\python\\python38-32\\lib\\site-packages\\selenium\\webdriver\\support\\wait.py\", line 80, in until\n    raise TimeoutException(message, screen, stacktrace)\n"}, "steps": [{"name": "Given Loginpage", "status": "passed", "start": 1599964034635, "stop": 1599964045305}, {"name": "Then Login with the given credentials", "status": "passed", "start": 1599964045306, "stop": 1599964046308}, {"name": "Then Click on the Users button", "status": "passed", "start": 1599964046308, "stop": 1599964047473}, {"name": "Then Click on the Quick actions button", "status": "broken", "statusDetails": {"message": "selenium.common.exceptions.TimeoutException: Message: \n\n", "trace": "  File \"c:\\users\\rapid\\appdata\\local\\programs\\python\\python38-32\\lib\\site-packages\\behave\\model.py\", line 1329, in run\n    match.run(runner.context)\n  File \"c:\\users\\rapid\\appdata\\local\\programs\\python\\python38-32\\lib\\site-packages\\behave\\matchers.py\", line 98, in run\n    self.func(context, *args, **kwargs)\n  File \"features\\steps\\C5472_Add_new_user.py\", line 29, in clck_qck_actns_btn\n    context.app.main_page.clck_qck_actns_btn()\n  File \"C:\\Everything\\IT\\Testing\\Automation_08_09_2019\\UIautomation_python\\pages\\main_page.py\", line 62, in clck_qck_actns_btn\n    wait.until(EC.element_to_be_clickable(QUICK_ACTIONS)).click()\n  File \"c:\\users\\rapid\\appdata\\local\\programs\\python\\python38-32\\lib\\site-packages\\selenium\\webdriver\\support\\wait.py\", line 80, in until\n    raise TimeoutException(message, screen, stacktrace)\n"}, "start": 1599964047473, "stop": 1599964061151}, {"name": "Then Select Add in the drop-down menu", "status": "skipped", "start": 1599964063271, "stop": 1599964063271}, {"name": "Then Fill out the required fields", "status": "skipped", "start": 1599964063271, "stop": 1599964063271}, {"name": "And Click on the Add button", "status": "skipped", "start": 1599964063271, "stop": 1599964063271}, {"name": "Then Verify the word Verification Pending is here", "status": "skipped", "start": 1599964063271, "stop": 1599964063271}], "start": 1599964029381, "stop": 1599964063271, "uuid": "b64960ec-432d-44da-927d-c302dcff46f1", "historyId": "9e5459a23f71aa5ecb178366876d40a3", "labels": [{"name": "severity", "value": "normal"}, {"name": "feature", "value": "# C5472 Add New User"}, {"name": "framework", "value": "behave"}, {"name": "language", "value": "cpython3"}]}