{"name": "# C5472 Add New User", "status": "broken", "statusDetails": {"message": "selenium.common.exceptions.TimeoutException: Message: \n\n", "trace": "  File \"c:\\users\\rapid\\appdata\\local\\programs\\python\\python38-32\\lib\\site-packages\\behave\\model.py\", line 1329, in run\n    match.run(runner.context)\n  File \"c:\\users\\rapid\\appdata\\local\\programs\\python\\python38-32\\lib\\site-packages\\behave\\matchers.py\", line 98, in run\n    self.func(context, *args, **kwargs)\n  File \"features\\steps\\C5472_Add_new_user.py\", line 29, in clck_qck_actns_btn\n    context.app.main_page.clck_qck_actns_btn()\n  File \"C:\\Everything\\IT\\Testing\\Automation_08_09_2019\\UIautomation_python\\pages\\main_page.py\", line 91, in clck_qck_actns_btn\n    wait.until(EC.element_to_be_clickable(QUICK_ACTIONS)).click()\n  File \"c:\\users\\rapid\\appdata\\local\\programs\\python\\python38-32\\lib\\site-packages\\selenium\\webdriver\\support\\wait.py\", line 80, in until\n    raise TimeoutException(message, screen, stacktrace)\n"}, "steps": [{"name": "Given Loginpage", "status": "passed", "start": 1600648115299, "stop": 1600648117976}, {"name": "Then Login with the given credentials", "status": "passed", "start": 1600648117977, "stop": 1600648122843}, {"name": "Then Click on the Users button", "status": "passed", "start": 1600648122843, "stop": 1600648122990}, {"name": "Then Click on the Quick actions button", "status": "broken", "statusDetails": {"message": "selenium.common.exceptions.TimeoutException: Message: \n\n", "trace": "  File \"c:\\users\\rapid\\appdata\\local\\programs\\python\\python38-32\\lib\\site-packages\\behave\\model.py\", line 1329, in run\n    match.run(runner.context)\n  File \"c:\\users\\rapid\\appdata\\local\\programs\\python\\python38-32\\lib\\site-packages\\behave\\matchers.py\", line 98, in run\n    self.func(context, *args, **kwargs)\n  File \"features\\steps\\C5472_Add_new_user.py\", line 29, in clck_qck_actns_btn\n    context.app.main_page.clck_qck_actns_btn()\n  File \"C:\\Everything\\IT\\Testing\\Automation_08_09_2019\\UIautomation_python\\pages\\main_page.py\", line 91, in clck_qck_actns_btn\n    wait.until(EC.element_to_be_clickable(QUICK_ACTIONS)).click()\n  File \"c:\\users\\rapid\\appdata\\local\\programs\\python\\python38-32\\lib\\site-packages\\selenium\\webdriver\\support\\wait.py\", line 80, in until\n    raise TimeoutException(message, screen, stacktrace)\n"}, "start": 1600648122990, "stop": 1600648138644}, {"name": "Then Select Add in the drop-down menu", "status": "skipped", "start": 1600648140784, "stop": 1600648140784}, {"name": "Then Fill out the required fields", "status": "skipped", "start": 1600648140784, "stop": 1600648140784}, {"name": "And Click on the Add button", "status": "skipped", "start": 1600648140784, "stop": 1600648140784}, {"name": "Then Verify the words Verification Pending is here", "status": "skipped", "start": 1600648140784, "stop": 1600648140784}], "start": 1600648109993, "stop": 1600648140784, "uuid": "5cd0c92a-f699-4162-9ea5-62a1a4a27f24", "historyId": "9e5459a23f71aa5ecb178366876d40a3", "labels": [{"name": "severity", "value": "normal"}, {"name": "feature", "value": "# C5472 Add New User"}, {"name": "framework", "value": "behave"}, {"name": "language", "value": "cpython3"}]}