{"name": "# C5472 Add New User", "status": "broken", "statusDetails": {"message": "selenium.common.exceptions.ElementClickInterceptedException: Message: element click intercepted: Element <li _ngcontent-rwi-c5=\"\" routerlinkactive=\"active\" ng-reflect-ng-class=\"[object Object]\" ng-reflect-router-link-active-options=\"[object Object]\" ng-reflect-router-link-active=\"active\" class=\"ng-star-inserted\">...</li> is not clickable at point (28, 265). Other element would receive the click: <div class=\"swal2-container swal2-center swal2-fade swal2-shown\" style=\"overflow-y: hidden;\">...</div>\n  (Session info: chrome=86.0.4240.75)\n\n", "trace": "  File \"c:\\users\\rapid\\appdata\\local\\programs\\python\\python38-32\\lib\\site-packages\\behave\\model.py\", line 1329, in run\n    match.run(runner.context)\n  File \"c:\\users\\rapid\\appdata\\local\\programs\\python\\python38-32\\lib\\site-packages\\behave\\matchers.py\", line 98, in run\n    self.func(context, *args, **kwargs)\n  File \"features\\steps\\C5472_Add_new_user.py\", line 22, in clck_usrs_btn\n    context.app.main_page.clck_usrs_btn()\n  File \"C:\\Everything\\IT\\Testing\\Automation_08_09_2019\\UIautomation_python\\pages\\main_page.py\", line 152, in clck_usrs_btn\n    wait.until(EC.element_to_be_clickable(USERS)).click()\n  File \"c:\\users\\rapid\\appdata\\local\\programs\\python\\python38-32\\lib\\site-packages\\selenium\\webdriver\\remote\\webelement.py\", line 80, in click\n    self._execute(Command.CLICK_ELEMENT)\n  File \"c:\\users\\rapid\\appdata\\local\\programs\\python\\python38-32\\lib\\site-packages\\selenium\\webdriver\\remote\\webelement.py\", line 633, in _execute\n    return self._parent.execute(command, params)\n  File \"c:\\users\\rapid\\appdata\\local\\programs\\python\\python38-32\\lib\\site-packages\\selenium\\webdriver\\remote\\webdriver.py\", line 321, in execute\n    self.error_handler.check_response(response)\n  File \"c:\\users\\rapid\\appdata\\local\\programs\\python\\python38-32\\lib\\site-packages\\selenium\\webdriver\\remote\\errorhandler.py\", line 242, in check_response\n    raise exception_class(message, screen, stacktrace)\n"}, "steps": [{"name": "Given Loginpage", "status": "passed", "start": 1602392126354, "stop": 1602392129488}, {"name": "Then Login with the given credentials", "status": "passed", "start": 1602392129488, "stop": 1602392132393}, {"name": "Then Click on the Users button", "status": "broken", "statusDetails": {"message": "selenium.common.exceptions.ElementClickInterceptedException: Message: element click intercepted: Element <li _ngcontent-rwi-c5=\"\" routerlinkactive=\"active\" ng-reflect-ng-class=\"[object Object]\" ng-reflect-router-link-active-options=\"[object Object]\" ng-reflect-router-link-active=\"active\" class=\"ng-star-inserted\">...</li> is not clickable at point (28, 265). Other element would receive the click: <div class=\"swal2-container swal2-center swal2-fade swal2-shown\" style=\"overflow-y: hidden;\">...</div>\n  (Session info: chrome=86.0.4240.75)\n\n", "trace": "  File \"c:\\users\\rapid\\appdata\\local\\programs\\python\\python38-32\\lib\\site-packages\\behave\\model.py\", line 1329, in run\n    match.run(runner.context)\n  File \"c:\\users\\rapid\\appdata\\local\\programs\\python\\python38-32\\lib\\site-packages\\behave\\matchers.py\", line 98, in run\n    self.func(context, *args, **kwargs)\n  File \"features\\steps\\C5472_Add_new_user.py\", line 22, in clck_usrs_btn\n    context.app.main_page.clck_usrs_btn()\n  File \"C:\\Everything\\IT\\Testing\\Automation_08_09_2019\\UIautomation_python\\pages\\main_page.py\", line 152, in clck_usrs_btn\n    wait.until(EC.element_to_be_clickable(USERS)).click()\n  File \"c:\\users\\rapid\\appdata\\local\\programs\\python\\python38-32\\lib\\site-packages\\selenium\\webdriver\\remote\\webelement.py\", line 80, in click\n    self._execute(Command.CLICK_ELEMENT)\n  File \"c:\\users\\rapid\\appdata\\local\\programs\\python\\python38-32\\lib\\site-packages\\selenium\\webdriver\\remote\\webelement.py\", line 633, in _execute\n    return self._parent.execute(command, params)\n  File \"c:\\users\\rapid\\appdata\\local\\programs\\python\\python38-32\\lib\\site-packages\\selenium\\webdriver\\remote\\webdriver.py\", line 321, in execute\n    self.error_handler.check_response(response)\n  File \"c:\\users\\rapid\\appdata\\local\\programs\\python\\python38-32\\lib\\site-packages\\selenium\\webdriver\\remote\\errorhandler.py\", line 242, in check_response\n    raise exception_class(message, screen, stacktrace)\n"}, "start": 1602392132393, "stop": 1602392133515}, {"name": "Then Click on the Quick actions button", "status": "skipped", "start": 1602392135625, "stop": 1602392135625}, {"name": "Then Select Add in the drop-down menu", "status": "skipped", "start": 1602392135625, "stop": 1602392135625}, {"name": "Then Fill out the required fields", "status": "skipped", "start": 1602392135625, "stop": 1602392135625}, {"name": "And Click on the Add button", "status": "skipped", "start": 1602392135625, "stop": 1602392135625}, {"name": "Then Verify the words Verification Pending is here", "status": "skipped", "start": 1602392135625, "stop": 1602392135625}], "start": 1602392121051, "stop": 1602392135625, "uuid": "cd79cc27-05e5-49ee-a154-b6036d0bb401", "historyId": "9e5459a23f71aa5ecb178366876d40a3", "labels": [{"name": "severity", "value": "normal"}, {"name": "feature", "value": "# C5472 Add New User"}, {"name": "framework", "value": "behave"}, {"name": "language", "value": "cpython3"}]}