{"name": "# C5472 Add New User", "status": "broken", "statusDetails": {"message": "selenium.common.exceptions.TimeoutException: Message: \n\n", "trace": "  File \"c:\\users\\rapid\\appdata\\local\\programs\\python\\python38-32\\lib\\site-packages\\behave\\model.py\", line 1329, in run\n    match.run(runner.context)\n  File \"c:\\users\\rapid\\appdata\\local\\programs\\python\\python38-32\\lib\\site-packages\\behave\\matchers.py\", line 98, in run\n    self.func(context, *args, **kwargs)\n  File \"features\\steps\\C5472_Add_new_user.py\", line 29, in clck_qck_actns_btn\n    context.app.main_page.clck_qck_actns_btn()\n  File \"C:\\Everything\\IT\\Testing\\Automation_08_09_2019\\UIautomation_python\\pages\\main_page.py\", line 73, in clck_qck_actns_btn\n    wait.until(EC.element_to_be_clickable(QUICK_ACTIONS)).click()\n  File \"c:\\users\\rapid\\appdata\\local\\programs\\python\\python38-32\\lib\\site-packages\\selenium\\webdriver\\support\\wait.py\", line 80, in until\n    raise TimeoutException(message, screen, stacktrace)\n"}, "steps": [{"name": "Given Loginpage", "status": "passed", "start": 1600226158115, "stop": 1600226160718}, {"name": "Then Login with the given credentials", "status": "passed", "start": 1600226160718, "stop": 1600226161580}, {"name": "Then Click on the Users button", "status": "passed", "start": 1600226161580, "stop": 1600226162637}, {"name": "Then Click on the Quick actions button", "status": "broken", "statusDetails": {"message": "selenium.common.exceptions.TimeoutException: Message: \n\n", "trace": "  File \"c:\\users\\rapid\\appdata\\local\\programs\\python\\python38-32\\lib\\site-packages\\behave\\model.py\", line 1329, in run\n    match.run(runner.context)\n  File \"c:\\users\\rapid\\appdata\\local\\programs\\python\\python38-32\\lib\\site-packages\\behave\\matchers.py\", line 98, in run\n    self.func(context, *args, **kwargs)\n  File \"features\\steps\\C5472_Add_new_user.py\", line 29, in clck_qck_actns_btn\n    context.app.main_page.clck_qck_actns_btn()\n  File \"C:\\Everything\\IT\\Testing\\Automation_08_09_2019\\UIautomation_python\\pages\\main_page.py\", line 73, in clck_qck_actns_btn\n    wait.until(EC.element_to_be_clickable(QUICK_ACTIONS)).click()\n  File \"c:\\users\\rapid\\appdata\\local\\programs\\python\\python38-32\\lib\\site-packages\\selenium\\webdriver\\support\\wait.py\", line 80, in until\n    raise TimeoutException(message, screen, stacktrace)\n"}, "start": 1600226162637, "stop": 1600226176241}, {"name": "Then Select Add in the drop-down menu", "status": "skipped", "start": 1600226178345, "stop": 1600226178345}, {"name": "Then Fill out the required fields", "status": "skipped", "start": 1600226178345, "stop": 1600226178345}, {"name": "And Click on the Add button", "status": "skipped", "start": 1600226178346, "stop": 1600226178346}, {"name": "Then Verify the words Verification Pending is here", "status": "skipped", "start": 1600226178346, "stop": 1600226178346}], "start": 1600226152824, "stop": 1600226178346, "uuid": "92aa2f98-1564-4e41-937c-c74bce11771b", "historyId": "9e5459a23f71aa5ecb178366876d40a3", "labels": [{"name": "severity", "value": "normal"}, {"name": "feature", "value": "# C5472 Add New User"}, {"name": "framework", "value": "behave"}, {"name": "language", "value": "cpython3"}]}