{"name": "# Click on Away button, verify all fields are filled, click Start chat button", "status": "broken", "statusDetails": {"message": "selenium.common.exceptions.NoSuchElementException: Message: no such element: Unable to locate element: {\"method\":\"xpath\",\"selector\":\"//label[text()='Pre-Sales']\"}\n  (Session info: chrome=85.0.4183.83)\n\n", "trace": "  File \"c:\\users\\rapid\\appdata\\local\\programs\\python\\python38-32\\lib\\site-packages\\behave\\model.py\", line 1329, in run\n    match.run(runner.context)\n  File \"c:\\users\\rapid\\appdata\\local\\programs\\python\\python38-32\\lib\\site-packages\\behave\\matchers.py\", line 98, in run\n    self.func(context, *args, **kwargs)\n  File \"features\\steps\\send_message_during_working_hours.py\", line 16, in click_on_presales\n    context.app.main_page.click_on_presales()\n  File \"C:\\Everything\\IT\\Testing\\Automation_08_09_2019\\UIautomation_python\\pages\\main_page.py\", line 403, in click_on_presales\n    self.driver.find_element(*PRESALES).click()\n  File \"c:\\users\\rapid\\appdata\\local\\programs\\python\\python38-32\\lib\\site-packages\\selenium\\webdriver\\remote\\webdriver.py\", line 976, in find_element\n    return self.execute(Command.FIND_ELEMENT, {\n  File \"c:\\users\\rapid\\appdata\\local\\programs\\python\\python38-32\\lib\\site-packages\\selenium\\webdriver\\remote\\webdriver.py\", line 321, in execute\n    self.error_handler.check_response(response)\n  File \"c:\\users\\rapid\\appdata\\local\\programs\\python\\python38-32\\lib\\site-packages\\selenium\\webdriver\\remote\\errorhandler.py\", line 242, in check_response\n    raise exception_class(message, screen, stacktrace)\n"}, "steps": [{"name": "Given Loginpage", "status": "passed", "start": 1599524642075, "stop": 1599524644234}, {"name": "Then Click on Away button", "status": "passed", "start": 1599524644234, "stop": 1599524644377}, {"name": "Then Click on Pre-Sales check box", "status": "broken", "statusDetails": {"message": "selenium.common.exceptions.NoSuchElementException: Message: no such element: Unable to locate element: {\"method\":\"xpath\",\"selector\":\"//label[text()='Pre-Sales']\"}\n  (Session info: chrome=85.0.4183.83)\n\n", "trace": "  File \"c:\\users\\rapid\\appdata\\local\\programs\\python\\python38-32\\lib\\site-packages\\behave\\model.py\", line 1329, in run\n    match.run(runner.context)\n  File \"c:\\users\\rapid\\appdata\\local\\programs\\python\\python38-32\\lib\\site-packages\\behave\\matchers.py\", line 98, in run\n    self.func(context, *args, **kwargs)\n  File \"features\\steps\\send_message_during_working_hours.py\", line 16, in click_on_presales\n    context.app.main_page.click_on_presales()\n  File \"C:\\Everything\\IT\\Testing\\Automation_08_09_2019\\UIautomation_python\\pages\\main_page.py\", line 403, in click_on_presales\n    self.driver.find_element(*PRESALES).click()\n  File \"c:\\users\\rapid\\appdata\\local\\programs\\python\\python38-32\\lib\\site-packages\\selenium\\webdriver\\remote\\webdriver.py\", line 976, in find_element\n    return self.execute(Command.FIND_ELEMENT, {\n  File \"c:\\users\\rapid\\appdata\\local\\programs\\python\\python38-32\\lib\\site-packages\\selenium\\webdriver\\remote\\webdriver.py\", line 321, in execute\n    self.error_handler.check_response(response)\n  File \"c:\\users\\rapid\\appdata\\local\\programs\\python\\python38-32\\lib\\site-packages\\selenium\\webdriver\\remote\\errorhandler.py\", line 242, in check_response\n    raise exception_class(message, screen, stacktrace)\n"}, "start": 1599524644377, "stop": 1599524648433}, {"name": "Then Click on Product Support check-box", "status": "skipped", "start": 1599524650618, "stop": 1599524650618}, {"name": "Then Fill the name field in Away by random test name", "status": "skipped", "start": 1599524650619, "stop": 1599524650619}, {"name": "Then Fill the phone field 7045343344", "status": "skipped", "start": 1599524650619, "stop": 1599524650619}, {"name": "Then Fill the Email field in Away by random email", "status": "skipped", "start": 1599524650619, "stop": 1599524650619}, {"name": "Then Click on Modem Support with Meraki check-box", "status": "skipped", "start": 1599524650619, "stop": 1599524650619}, {"name": "Then Click Start Chat button", "status": "skipped", "start": 1599524650619, "stop": 1599524650619}, {"name": "Then Assert text is in Away Online", "status": "skipped", "start": 1599524650619, "stop": 1599524650619}], "start": 1599524636749, "stop": 1599524650619, "uuid": "64b4f886-9e25-4808-99d1-5f7027dfafd1", "historyId": "3b26e346a3137538b7c79b95eb66ac0b", "labels": [{"name": "severity", "value": "normal"}, {"name": "feature", "value": "# Click on Away button, verify all fields are filled, click Start chat button"}, {"name": "framework", "value": "behave"}, {"name": "language", "value": "cpython3"}]}